{
  "RSpec": {
    "coverage": {
      "/Users/jamesmdavis5/ga_wdi/projects/wdi_final_project/config/environments/test.rb": [
        1,
        null,
        null,
        null,
        null,
        null,
        null,
        1,
        null,
        null,
        1,
        1,
        null,
        null,
        1,
        null,
        null,
        1,
        1,
        null,
        null,
        1,
        null,
        null,
        1,
        null,
        null,
        null,
        null,
        1,
        null,
        null,
        1,
        null,
        null,
        1,
        null
      ],
      "/Users/jamesmdavis5/ga_wdi/projects/wdi_final_project/config/initializers/backtrace_silencers.rb": [
        null,
        null,
        null,
        null,
        null,
        null,
        null
      ],
      "/Users/jamesmdavis5/ga_wdi/projects/wdi_final_project/config/initializers/inflections.rb": [
        null,
        null,
        null,
        null,
        null,
        null,
        null,
        null,
        null,
        null,
        null,
        null,
        null,
        null,
        null
      ],
      "/Users/jamesmdavis5/ga_wdi/projects/wdi_final_project/config/initializers/mime_types.rb": [
        null,
        null,
        null,
        null,
        null
      ],
      "/Users/jamesmdavis5/ga_wdi/projects/wdi_final_project/config/initializers/omniauth.rb": [
        1,
        1,
        null,
        null,
        null,
        null
      ],
      "/Users/jamesmdavis5/ga_wdi/projects/wdi_final_project/config/initializers/secret_token.rb": [
        null,
        null,
        null,
        null,
        null,
        null,
        1
      ],
      "/Users/jamesmdavis5/ga_wdi/projects/wdi_final_project/config/initializers/session_store.rb": [
        null,
        null,
        1,
        null,
        null,
        null,
        null,
        null
      ],
      "/Users/jamesmdavis5/ga_wdi/projects/wdi_final_project/config/initializers/wrap_parameters.rb": [
        null,
        null,
        null,
        null,
        null,
        null,
        1,
        1,
        null,
        null,
        null,
        1,
        1,
        null
      ],
      "/Users/jamesmdavis5/ga_wdi/projects/wdi_final_project/app/controllers/application_controller.rb": [
        1,
        1,
        1,
        null,
        null,
        null,
        null,
        null,
        null,
        null,
        null,
        null,
        1,
        1,
        62,
        null,
        null,
        null,
        null,
        null
      ],
      "/Users/jamesmdavis5/ga_wdi/projects/wdi_final_project/app/helpers/application_helper.rb": [
        1,
        null
      ],
      "/Users/jamesmdavis5/ga_wdi/projects/wdi_final_project/app/helpers/sessions_helper.rb": [
        1,
        null
      ],
      "/Users/jamesmdavis5/ga_wdi/projects/wdi_final_project/app/controllers/locations_controller.rb": [
        1,
        null,
        null,
        1,
        3,
        null,
        3,
        3,
        3,
        null,
        null,
        null,
        null,
        null,
        1,
        2,
        null,
        2,
        2,
        2,
        null,
        null,
        null,
        null,
        null,
        1,
        0,
        null,
        0,
        0,
        0,
        null,
        null,
        null,
        null,
        null,
        null,
        null,
        null,
        null,
        null,
        1,
        2,
        null,
        2,
        2,
        4,
        2,
        null,
        0,
        0,
        null,
        null,
        null,
        null,
        null,
        null,
        null,
        null,
        null,
        null,
        null,
        null,
        null,
        null,
        null,
        null,
        null,
        null,
        null,
        null,
        null,
        null,
        null,
        null,
        null,
        null,
        null,
        null,
        null,
        null,
        null,
        null,
        null,
        null,
        null,
        null,
        null,
        null,
        null,
        null,
        null,
        null,
        null,
        null,
        null,
        null
      ],
      "/Users/jamesmdavis5/ga_wdi/projects/wdi_final_project/app/models/location.rb": [
        1,
        1,
        null,
        1,
        1,
        1,
        null,
        1,
        1,
        null,
        1,
        15,
        null,
        null,
        null,
        null
      ],
      "/Users/jamesmdavis5/ga_wdi/projects/wdi_final_project/app/controllers/sessions_controller.rb": [
        1,
        null,
        1,
        11,
        11,
        11,
        null,
        11,
        null,
        null,
        1,
        0,
        0,
        null,
        null,
        null
      ],
      "/Users/jamesmdavis5/ga_wdi/projects/wdi_final_project/app/controllers/sittings_controller.rb": [
        1,
        null,
        1,
        null,
        null,
        null,
        1,
        0,
        0,
        null,
        null,
        null,
        1,
        null,
        null,
        null,
        1,
        0,
        0,
        0,
        0,
        0,
        null,
        null,
        null,
        null,
        null,
        null,
        null,
        null
      ],
      "/Users/jamesmdavis5/ga_wdi/projects/wdi_final_project/app/models/sitting.rb": [
        1,
        1,
        null,
        1,
        1,
        null,
        null
      ],
      "/Users/jamesmdavis5/ga_wdi/projects/wdi_final_project/app/controllers/welcome_controller.rb": [
        1,
        null,
        null,
        1,
        null,
        null,
        1,
        null,
        null,
        1,
        null,
        0,
        0,
        null,
        null,
        null,
        null,
        null,
        null,
        null,
        null,
        null,
        null,
        null,
        null,
        null,
        null,
        null,
        null,
        null,
        null,
        null,
        null,
        null,
        null,
        null,
        null,
        null,
        null,
        null
      ],
      "/Users/jamesmdavis5/ga_wdi/projects/wdi_final_project/app/models/user.rb": [
        1,
        1,
        1,
        1,
        1,
        null,
        1,
        11,
        11,
        11,
        11,
        11,
        11,
        11,
        null,
        null,
        null,
        1,
        null,
        null,
        null,
        null,
        0,
        null,
        0,
        0,
        null,
        0,
        null,
        0,
        null,
        0,
        null,
        0,
        null,
        0,
        null,
        0,
        null,
        null,
        null,
        null,
        null,
        null,
        null,
        null,
        null,
        null,
        null,
        0,
        null,
        null,
        1,
        null,
        null,
        null,
        1,
        null,
        null,
        null,
        1,
        null,
        null,
        null,
        null
      ],
      "/Users/jamesmdavis5/ga_wdi/projects/wdi_final_project/config/routes.rb": [
        null,
        null,
        null,
        null,
        null,
        null,
        null,
        null,
        null,
        null,
        null,
        null,
        null,
        null,
        null,
        null,
        null,
        null,
        null,
        null,
        1,
        1,
        null,
        1,
        1,
        null,
        1,
        null,
        1,
        1,
        null,
        1,
        1,
        null,
        1,
        1,
        null,
        null
      ],
      "/Users/jamesmdavis5/ga_wdi/projects/wdi_final_project/spec/support/database_cleaner.rb": [
        1,
        null,
        1,
        1,
        null,
        null,
        1,
        31,
        null,
        null,
        null,
        1,
        0,
        null,
        null,
        1,
        31,
        null,
        null,
        1,
        31,
        null,
        null
      ],
      "/Users/jamesmdavis5/ga_wdi/projects/wdi_final_project/spec/support/omniauth.rb": [
        null,
        1,
        1,
        null,
        null,
        null,
        null,
        null,
        null,
        null,
        null,
        null,
        null,
        null,
        null,
        null
      ],
      "/Users/jamesmdavis5/ga_wdi/projects/wdi_final_project/spec/controllers/sessions_controller_spec.rb": [
        1,
        null,
        1,
        null,
        null
      ],
      "/Users/jamesmdavis5/ga_wdi/projects/wdi_final_project/spec/features/github_login_spec.rb": [
        1,
        null,
        1,
        1,
        1,
        1,
        1,
        1,
        null,
        null
      ],
      "/Users/jamesmdavis5/ga_wdi/projects/wdi_final_project/spec/features/homepage_spec.rb": [
        1,
        null,
        1,
        null,
        1,
        10,
        10,
        null,
        null,
        1,
        1,
        null,
        null,
        1,
        1,
        null,
        null,
        1,
        1,
        null,
        null,
        1,
        1,
        null,
        null,
        1,
        1,
        null,
        null,
        1,
        1,
        1,
        1,
        null,
        null,
        1,
        1,
        1,
        1,
        null,
        null,
        1,
        1,
        null,
        null,
        1,
        1,
        null,
        null,
        1,
        1,
        null,
        null,
        null,
        null,
        null,
        null,
        null,
        null,
        null
      ],
      "/Users/jamesmdavis5/ga_wdi/projects/wdi_final_project/spec/helpers/sessions_helper_spec.rb": [
        1,
        null,
        null,
        null,
        null,
        null,
        null,
        null,
        null,
        null,
        null,
        null,
        1,
        null
      ],
      "/Users/jamesmdavis5/ga_wdi/projects/wdi_final_project/spec/models/location_spec.rb": [
        1,
        null,
        1,
        null,
        1,
        null,
        1,
        8,
        null,
        null,
        null,
        null,
        null,
        null,
        null,
        null,
        null,
        null,
        1,
        1,
        null,
        null,
        1,
        1,
        null,
        null,
        1,
        1,
        null,
        null,
        1,
        1,
        null,
        null,
        1,
        1,
        null,
        null,
        1,
        1,
        null,
        null,
        1,
        1,
        null,
        null,
        1,
        1,
        null,
        null,
        null,
        null,
        null,
        1,
        1,
        null,
        2,
        null,
        2,
        null,
        2,
        null,
        2,
        null,
        2,
        null,
        null,
        null,
        1,
        1,
        1,
        null,
        null,
        null,
        null,
        null,
        null,
        null,
        null,
        null,
        null,
        1,
        1,
        null,
        null,
        null,
        null,
        null,
        null,
        null,
        null
      ],
      "/Users/jamesmdavis5/ga_wdi/projects/wdi_final_project/spec/models/sitting_spec.rb": [
        1,
        null,
        1,
        null
      ],
      "/Users/jamesmdavis5/ga_wdi/projects/wdi_final_project/spec/models/user_spec.rb": [
        1,
        null,
        1,
        null
      ]
    },
    "timestamp": 1387408745
  }
}
